[    0.000000] Initializing cgroup subsys cpuset
[    0.000000] Initializing cgroup subsys cpu
[    0.000000] Initializing cgroup subsys cpuacct
[    0.000000] Linux version 4.4.0-193-generic (buildd@lgw01-amd64-024) (gcc version 5.4.0 20160609 (Ubuntu 5.4.0-6ubuntu1~16.04.12) ) #224-Ubuntu SMP Tue Oct 6 17:15:28 UTC 2020 (Ubuntu 4.4.0-193.224-generic 4.4.236)
[    0.000000] Command line: BOOT_IMAGE=/boot/vmlinuz-4.4.0-193-generic root=UUID=f44ca91b-a79a-49f5-91f4-76a5443bac81 ro console=tty1 console=ttyS0
[    0.000000] KERNEL supported cpus:
[    0.000000]   Intel GenuineIntel
[    0.000000]   AMD AuthenticAMD
[    0.000000]   Centaur CentaurHauls
[    0.000000] x86/fpu: xstate_offset[2]:  576, xstate_sizes[2]:  256
[    0.000000] x86/fpu: Supporting XSAVE feature 0x01: 'x87 floating point registers'
[    0.000000] x86/fpu: Supporting XSAVE feature 0x02: 'SSE registers'
[    0.000000] x86/fpu: Supporting XSAVE feature 0x04: 'AVX registers'
[    0.000000] x86/fpu: Enabled xstate features 0x7, context size is 832 bytes, using 'standard' format.
[    0.000000] e820: BIOS-provided physical RAM map:
[    0.000000] BIOS-e820: [mem 0x0000000000000000-0x000000000009fbff] usable
[    0.000000] BIOS-e820: [mem 0x000000000009fc00-0x000000000009ffff] reserved
[    0.000000] BIOS-e820: [mem 0x00000000000f0000-0x00000000000fffff] reserved
[    0.000000] BIOS-e820: [mem 0x0000000000100000-0x000000003ffeffff] usable
[    0.000000] BIOS-e820: [mem 0x000000003fff0000-0x000000003fffffff] ACPI data
[    0.000000] BIOS-e820: [mem 0x00000000fec00000-0x00000000fec00fff] reserved
[    0.000000] BIOS-e820: [mem 0x00000000fee00000-0x00000000fee00fff] reserved
[    0.000000] BIOS-e820: [mem 0x00000000fffc0000-0x00000000ffffffff] reserved
[    0.000000] NX (Execute Disable) protection: active
[    0.000000] SMBIOS 2.5 present.
[    0.000000] Hypervisor detected: KVM
[    0.000000] e820: last_pfn = 0x3fff0 max_arch_pfn = 0x400000000
[    0.000000] MTRR: Disabled
[    0.000000] x86/PAT: MTRRs disabled, skipping PAT initialization too.
[    0.000000] CPU MTRRs all blank - virtualized system.
[    0.000000] x86/PAT: Configuration [0-7]: WB  WT  UC- UC  WB  WT  UC- UC  
[    0.000000] found SMP MP-table at [mem 0x0009fff0-0x0009ffff] mapped at [ffff88000009fff0]
[    0.000000] Scanning 1 areas for low memory corruption
[    0.000000] RAMDISK: [mem 0x361c8000-0x370dbfff]
[    0.000000] ACPI: Early table checksum verification disabled
[    0.000000] ACPI: RSDP 0x00000000000E0000 000024 (v02 VBOX  )
[    0.000000] ACPI: XSDT 0x000000003FFF0030 00003C (v01 VBOX   VBOXXSDT 00000001 ASL  00000061)
[    0.000000] ACPI: FACP 0x000000003FFF00F0 0000F4 (v04 VBOX   VBOXFACP 00000001 ASL  00000061)
[    0.000000] ACPI: DSDT 0x000000003FFF0470 002325 (v02 VBOX   VBOXBIOS 00000002 INTL 20100528)
[    0.000000] ACPI: FACS 0x000000003FFF0200 000040
[    0.000000] ACPI: FACS 0x000000003FFF0200 000040
[    0.000000] ACPI: APIC 0x000000003FFF0240 00005C (v02 VBOX   VBOXAPIC 00000001 ASL  00000061)
[    0.000000] ACPI: SSDT 0x000000003FFF02A0 0001CC (v01 VBOX   VBOXCPUT 00000002 INTL 20100528)
[    0.000000] No NUMA configuration found
[    0.000000] Faking a node at [mem 0x0000000000000000-0x000000003ffeffff]
[    0.000000] NODE_DATA(0) allocated [mem 0x3ffeb000-0x3ffeffff]
[    0.000000] kvm-clock: Using msrs 4b564d01 and 4b564d00
[    0.000000] kvm-clock: cpu 0, msr 0:3ffe3001, primary cpu clock
[    0.000000] kvm-clock: using sched offset of 5774356985 cycles
[    0.000000] clocksource: kvm-clock: mask: 0xffffffffffffffff max_cycles: 0x1cd42e4dffb, max_idle_ns: 881590591483 ns
[    0.000000] Zone ranges:
[    0.000000]   DMA      [mem 0x0000000000001000-0x0000000000ffffff]
[    0.000000]   DMA32    [mem 0x0000000001000000-0x000000003ffeffff]
[    0.000000]   Normal   empty
[    0.000000]   Device   empty
[    0.000000] Movable zone start for each node
[    0.000000] Early memory node ranges
[    0.000000]   node   0: [mem 0x0000000000001000-0x000000000009efff]
[    0.000000]   node   0: [mem 0x0000000000100000-0x000000003ffeffff]
[    0.000000] Initmem setup node 0 [mem 0x0000000000001000-0x000000003ffeffff]
[    0.000000] ACPI: PM-Timer IO Port: 0x4008
[    0.000000] IOAPIC[0]: apic_id 2, version 32, address 0xfec00000, GSI 0-23
[    0.000000] ACPI: INT_SRC_OVR (bus 0 bus_irq 0 global_irq 2 dfl dfl)
[    0.000000] ACPI: INT_SRC_OVR (bus 0 bus_irq 9 global_irq 9 low level)
[    0.000000] Using ACPI (MADT) for SMP configuration information
[    0.000000] smpboot: Allowing 2 CPUs, 0 hotplug CPUs
[    0.000000] PM: Registered nosave memory: [mem 0x00000000-0x00000fff]
[    0.000000] PM: Registered nosave memory: [mem 0x0009f000-0x0009ffff]
[    0.000000] PM: Registered nosave memory: [mem 0x000a0000-0x000effff]
[    0.000000] PM: Registered nosave memory: [mem 0x000f0000-0x000fffff]
[    0.000000] e820: [mem 0x40000000-0xfebfffff] available for PCI devices
[    0.000000] Booting paravirtualized kernel on KVM
[    0.000000] clocksource: refined-jiffies: mask: 0xffffffff max_cycles: 0xffffffff, max_idle_ns: 7645519600211568 ns
[    0.000000] setup_percpu: NR_CPUS:512 nr_cpumask_bits:512 nr_cpu_ids:2 nr_node_ids:1
[    0.000000] PERCPU: Embedded 33 pages/cpu @ffff88003fc00000 s95512 r8192 d31464 u1048576
[    0.000000] Built 1 zonelists in Node order, mobility grouping on.  Total pages: 257912
[    0.000000] Policy zone: DMA32
[    0.000000] Kernel command line: BOOT_IMAGE=/boot/vmlinuz-4.4.0-193-generic root=UUID=f44ca91b-a79a-49f5-91f4-76a5443bac81 ro console=tty1 console=ttyS0
[    0.000000] PID hash table entries: 4096 (order: 3, 32768 bytes)
[    0.000000] Memory: 997104K/1048120K available (8640K kernel code, 1337K rwdata, 4040K rodata, 1492K init, 1296K bss, 51016K reserved, 0K cma-reserved)
[    0.000000] SLUB: HWalign=64, Order=0-3, MinObjects=0, CPUs=2, Nodes=1
[    0.000000] Kernel/User page tables isolation: enabled
[    0.000000] Hierarchical RCU implementation.
[    0.000000] 	Build-time adjustment of leaf fanout to 64.
[    0.000000] 	RCU restricting CPUs from NR_CPUS=512 to nr_cpu_ids=2.
[    0.000000] RCU: Adjusting geometry for rcu_fanout_leaf=64, nr_cpu_ids=2
[    0.000000] NR_IRQS:33024 nr_irqs:440 16
[    0.000000] Console: colour VGA+ 80x25
[    0.000000] console [tty1] enabled
[    0.000000] console [ttyS0] enabled
[    0.000000] tsc: Detected 3411.124 MHz processor
[    0.526935] Calibrating delay loop (skipped) preset value.. 6822.24 BogoMIPS (lpj=13644496)
[    0.530464] pid_max: default: 32768 minimum: 301
[    0.532274] ACPI: Core revision 20150930
[    0.581762] ACPI: 2 ACPI AML tables successfully acquired and loaded
[    0.584589] Security Framework initialized
[    0.586347] Yama: becoming mindful.
[    0.587976] AppArmor: AppArmor initialized
[    0.589973] Dentry cache hash table entries: 131072 (order: 8, 1048576 bytes)
[    0.593720] Inode-cache hash table entries: 65536 (order: 7, 524288 bytes)
[    0.596900] Mount-cache hash table entries: 2048 (order: 2, 16384 bytes)
[    0.599959] Mountpoint-cache hash table entries: 2048 (order: 2, 16384 bytes)
[    0.602759] Initializing cgroup subsys io
[    0.604394] Initializing cgroup subsys memory
[    0.606229] Initializing cgroup subsys devices
[    0.608008] Initializing cgroup subsys freezer
[    0.609989] Initializing cgroup subsys net_cls
[    0.612472] Initializing cgroup subsys perf_event
[    0.614378] Initializing cgroup subsys net_prio
[    0.616235] Initializing cgroup subsys hugetlb
[    0.618128] Initializing cgroup subsys pids
[    0.620032] mce: CPU supports 0 MCE banks
[    0.621883] Last level iTLB entries: 4KB 512, 2MB 8, 4MB 8
[    0.623968] Last level dTLB entries: 4KB 512, 2MB 32, 4MB 32, 1GB 0
[    0.626340] Spectre V1 : Mitigation: usercopy/swapgs barriers and __user pointer sanitization
[    0.681501] Spectre V2 : Mitigation: Full generic retpoline
[    0.683585] Spectre V2 : Spectre v2 / SpectreRSB mitigation: Filling RSB on context switch
[    0.687099] Speculative Store Bypass: Vulnerable
[    0.689081] MDS: Vulnerable: Clear CPU buffers attempted, no microcode
[    0.697023] Freeing SMP alternatives memory: 36K
[    0.709961] ftrace: allocating 32346 entries in 127 pages
[    1.017620] smpboot: APIC(0) Converting physical 0 to logical package 0
[    1.020877] smpboot: Max logical packages: 1
[    1.024292] x2apic enabled
[    1.027337] Switched APIC routing to physical x2apic.
[    1.033031] ..TIMER: vector=0x30 apic1=0 pin1=2 apic2=-1 pin2=-1
[    1.143746] smpboot: CPU0: Intel(R) Core(TM) i7-2600K CPU @ 3.40GHz (family: 0x6, model: 0x2a, stepping: 0x7)
[    1.147905] Performance Events: unsupported p6 CPU model 42 no PMU driver, software events only.
[    1.212556] KVM setup paravirtual spinlock
[    1.215238] x86: Booting SMP configuration:
[    1.217012] .... node  #0, CPUs:      #1
[    1.218593] kvm-clock: cpu 1, msr 0:3ffe3041, secondary cpu clock
[    1.219973] mce: CPU supports 0 MCE banks
[    1.222779] x86: Booted up 1 node, 2 CPUs
[    1.225055] smpboot: Total of 2 processors activated (13644.49 BogoMIPS)
[    1.228430] devtmpfs: initialized
[    1.240079] evm: security.selinux
[    1.241712] evm: security.SMACK64
[    1.243262] evm: security.SMACK64EXEC
[    1.245032] evm: security.SMACK64TRANSMUTE
[    1.246874] evm: security.SMACK64MMAP
[    1.248443] evm: security.ima
[    1.249770] evm: security.capability
[    1.251562] clocksource: jiffies: mask: 0xffffffff max_cycles: 0xffffffff, max_idle_ns: 7645041785100000 ns
[    1.312528] futex hash table entries: 512 (order: 3, 32768 bytes)
[    1.316953] pinctrl core: initialized pinctrl subsystem
[    1.319112] RTC time:  5:11:19, date: 11/10/20
[    1.321372] NET: Registered protocol family 16
[    1.333519] cpuidle: using governor ladder
[    1.345224] cpuidle: using governor menu
[    1.346864] PCCT header not found.
[    1.348777] ACPI: bus type PCI registered
[    1.350562] acpiphp: ACPI Hot Plug PCI Controller Driver version: 0.5
[    1.353026] PCI: Using configuration type 1 for base access
[    1.366954] ACPI: Added _OSI(Module Device)
[    1.368707] ACPI: Added _OSI(Processor Device)
[    1.370448] ACPI: Added _OSI(3.0 _SCP Extensions)
[    1.372341] ACPI: Added _OSI(Processor Aggregator Device)
[    1.375926] ACPI: Executed 1 blocks of module-level executable AML code
[    1.384053] ACPI: Interpreter enabled
[    1.385847] ACPI: (supports S0 S5)
[    1.387473] ACPI: Using IOAPIC for interrupt routing
[    1.390012] PCI: Using host bridge windows from ACPI; if necessary, use "pci=nocrs" and report a bug
[    1.419945] ACPI: PCI Root Bridge [PCI0] (domain 0000 [bus 00-ff])
[    1.422320] acpi PNP0A03:00: _OSC: OS supports [ASPM ClockPM Segments MSI]
[    1.425459] acpi PNP0A03:00: _OSC: not requesting OS control; OS requires [ExtendedConfig ASPM ClockPM MSI]
[    1.429376] acpi PNP0A03:00: fail to add MMCONFIG information, can't access extended PCI configuration space under this bridge.
[    1.434215] PCI host bridge to bus 0000:00
[    1.435837] pci_bus 0000:00: root bus resource [io  0x0000-0x0cf7 window]
[    1.438482] pci_bus 0000:00: root bus resource [io  0x0d00-0xffff window]
[    1.441045] pci_bus 0000:00: root bus resource [mem 0x000a0000-0x000bffff window]
[    1.444220] pci_bus 0000:00: root bus resource [mem 0x40000000-0xfdffffff window]
[    1.447330] pci_bus 0000:00: root bus resource [bus 00-ff]
[    1.452629] pci 0000:00:01.1: legacy IDE quirk: reg 0x10: [io  0x01f0-0x01f7]
[    1.455235] pci 0000:00:01.1: legacy IDE quirk: reg 0x14: [io  0x03f6]
[    1.457750] pci 0000:00:01.1: legacy IDE quirk: reg 0x18: [io  0x0170-0x0177]
[    1.460428] pci 0000:00:01.1: legacy IDE quirk: reg 0x1c: [io  0x0376]
[    1.548251] pci 0000:00:07.0: quirk: [io  0x4000-0x403f] claimed by PIIX4 ACPI
[    1.552559] pci 0000:00:07.0: quirk: [io  0x4100-0x410f] claimed by PIIX4 SMB
[    1.615560] ACPI: PCI Interrupt Link [LNKA] (IRQs 5 9 10 *11)
[    1.620143] ACPI: PCI Interrupt Link [LNKB] (IRQs 5 9 *10 11)
[    1.623823] ACPI: PCI Interrupt Link [LNKC] (IRQs 5 *9 10 11)
[    1.627318] ACPI: PCI Interrupt Link [LNKD] (IRQs 5 9 10 *11)
[    1.631282] ACPI: Enabled 2 GPEs in block 00 to 07
[    1.634521] vgaarb: setting as boot device: PCI:0000:00:02.0
[    1.636615] vgaarb: device added: PCI:0000:00:02.0,decodes=io+mem,owns=io+mem,locks=none
[    1.640894] vgaarb: loaded
[    1.642850] vgaarb: bridge control possible 0000:00:02.0
[    1.646077] SCSI subsystem initialized
[    1.648085] ACPI: bus type USB registered
[    1.650348] usbcore: registered new interface driver usbfs
[    1.653014] usbcore: registered new interface driver hub
[    1.655842] usbcore: registered new device driver usb
[    1.658229] PCI: Using ACPI for IRQ routing
[    1.661633] NetLabel: Initializing
[    1.663427] NetLabel:  domain hash size = 128
[    1.665728] NetLabel:  protocols = UNLABELED CIPSOv4
[    1.668079] NetLabel:  unlabeled traffic allowed by default
[    1.670579] amd_nb: Cannot enumerate AMD northbridges
[    1.723247] clocksource: Switched to clocksource kvm-clock
[    1.742142] AppArmor: AppArmor Filesystem Enabled
[    1.745048] pnp: PnP ACPI init
[    1.749310] pnp: PnP ACPI: found 3 devices
[    1.763145] clocksource: acpi_pm: mask: 0xffffff max_cycles: 0xffffff, max_idle_ns: 2085701024 ns
[    1.767072] NET: Registered protocol family 2
[    1.769293] TCP established hash table entries: 8192 (order: 4, 65536 bytes)
[    1.771823] TCP bind hash table entries: 8192 (order: 5, 131072 bytes)
[    1.774505] TCP: Hash tables configured (established 8192 bind 8192)
[    1.777458] UDP hash table entries: 512 (order: 2, 16384 bytes)
[    1.780242] UDP-Lite hash table entries: 512 (order: 2, 16384 bytes)
[    1.783239] NET: Registered protocol family 1
[    1.826643] pci 0000:00:00.0: Limiting direct PCI/PCI transfers
[    1.829392] pci 0000:00:01.0: Activating ISA DMA hang workarounds
[    1.832013] Unpacking initramfs...
[    2.642264] Freeing initrd memory: 15440K
[    2.644553] RAPL PMU detected, API unit is 2^-32 Joules, 3 fixed counters 10737418240 ms ovfl timer
[    2.648338] hw unit of domain pp0-core 2^-0 Joules
[    2.650187] hw unit of domain package 2^-0 Joules
[    2.651953] hw unit of domain pp1-gpu 2^-0 Joules
[    2.654236] clocksource: tsc: mask: 0xffffffffffffffff max_cycles: 0x312b5aa9289, max_idle_ns: 440795245671 ns
[    2.658136] platform rtc_cmos: registered platform RTC device (no PNP device found)
[    2.662209] Scanning for low memory corruption every 60 seconds
[    2.665203] audit: initializing netlink subsys (disabled)
[    2.671100] audit: type=2000 audit(1604985086.655:1): initialized
[    2.675883] Initialise system trusted keyring
[    2.678516] HugeTLB registered 2 MB page size, pre-allocated 0 pages
[    2.684355] zbud: loaded
[    2.686302] VFS: Disk quotas dquot_6.6.0
[    2.688563] VFS: Dquot-cache hash table entries: 512 (order 0, 4096 bytes)
[    2.691752] squashfs: version 4.0 (2009/01/31) Phillip Lougher
[    2.695328] fuse init (API version 7.23)
[    2.698179] Key type big_key registered
[    2.700881] Allocating IMA MOK and blacklist keyrings.
[    2.704648] Key type asymmetric registered
[    2.759275] Asymmetric key parser 'x509' registered
[    2.761755] Block layer SCSI generic (bsg) driver version 0.4 loaded (major 249)
[    2.764960] io scheduler noop registered
[    2.766583] io scheduler deadline registered (default)
[    2.768993] io scheduler cfq registered
[    2.771337] pci_hotplug: PCI Hot Plug PCI Core version: 0.5
[    2.774211] pciehp: PCI Express Hot Plug Controller Driver version: 0.4
[    2.777957] ACPI: AC Adapter [AC] (on-line)
[    2.780343] input: Power Button as /devices/LNXSYSTM:00/LNXPWRBN:00/input/input0
[    2.784545] ACPI: Power Button [PWRF]
[    2.786866] input: Sleep Button as /devices/LNXSYSTM:00/LNXSLPBN:00/input/input1
[    2.791054] ACPI: Sleep Button [SLPF]
[    2.793688] GHES: HEST is not enabled!
[    2.795687] Serial: 8250/16550 driver, 32 ports, IRQ sharing enabled
[    2.867114] 00:02: ttyS0 at I/O 0x3f8 (irq = 4, base_baud = 115200) is a 16550A
[    2.875865] Linux agpgart interface v0.103
[    2.881146] loop: module loaded
[    2.883819] scsi host0: ata_piix
[    2.885668] scsi host1: ata_piix
[    2.887237] ata1: PATA max UDMA/33 cmd 0x1f0 ctl 0x3f6 bmdma 0xd000 irq 14
[    2.889763] ata2: PATA max UDMA/33 cmd 0x170 ctl 0x376 bmdma 0xd008 irq 15
[    2.892265] libphy: Fixed MDIO Bus: probed
[    2.894135] tun: Universal TUN/TAP device driver, 1.6
[    2.896044] tun: (C) 1999-2004 Max Krasnyansky <maxk@qualcomm.com>
[    2.898406] PPP generic driver version 2.4.2
[    2.900330] ehci_hcd: USB 2.0 'Enhanced' Host Controller (EHCI) Driver
[    2.902572] ehci-pci: EHCI PCI platform driver
[    2.904388] ehci-platform: EHCI generic platform driver
[    2.906321] ohci_hcd: USB 1.1 'Open' Host Controller (OHCI) Driver
[    2.908531] ohci-pci: OHCI PCI platform driver
[    2.910444] ohci-platform: OHCI generic platform driver
[    2.912481] uhci_hcd: USB Universal Host Controller Interface driver
[    2.914744] i8042: PNP: PS/2 Controller [PNP0303:PS2K,PNP0f03:PS2M] at 0x60,0x64 irq 1,12
[    2.918774] serio: i8042 KBD port at 0x60,0x64 irq 1
[    2.920738] serio: i8042 AUX port at 0x60,0x64 irq 12
[    2.923061] mousedev: PS/2 mouse device common for all mice
[    2.966995] input: AT Translated Set 2 keyboard as /devices/platform/i8042/serio0/input/input2
[    2.971114] rtc_cmos rtc_cmos: rtc core: registered rtc_cmos as rtc0
[    2.973838] rtc_cmos rtc_cmos: alarms up to one day, 114 bytes nvram
[    2.976113] i2c /dev entries driver
[    2.978338] device-mapper: uevent: version 1.0.3
[    2.981238] device-mapper: ioctl: 4.34.0-ioctl (2015-10-28) initialised: dm-devel@redhat.com
[    2.984587] ledtrig-cpu: registered to indicate activity on CPUs
[    2.987383] NET: Registered protocol family 10
[    2.989471] NET: Registered protocol family 17
[    2.991233] Key type dns_resolver registered
[    2.994105] registered taskstats version 1
[    2.995822] Loading compiled-in X.509 certificates
[    2.998539] Loaded X.509 cert 'Build time autogenerated kernel key: 399ad61e9457a71f6b31060684c17f14836880c9'
[    3.002392] zswap: loaded using pool lzo/zbud
[    3.007163] Key type trusted registered
[    3.013107] Key type encrypted registered
[    3.014790] AppArmor: AppArmor sha1 policy hashing enabled
[    3.016825] ima: No TPM chip found, activating TPM-bypass!
[    3.018790] ima: Allocated hash algorithm: sha1
[    3.020765] evm: HMAC attrs: 0x1
[    3.022991]   Magic number: 12:924:162
[    3.024727] rtc_cmos rtc_cmos: setting system clock to 2020-11-10 05:11:20 UTC (1604985080)
[    3.028637] BIOS EDD facility v0.16 2004-Jun-25, 0 devices found
[    3.030882] EDD information not available.
[    3.077629] Freeing unused kernel memory: 1492K
[    3.080012] Write protecting the kernel read-only data: 14336k
[    3.083536] Freeing unused kernel memory: 1588K
[    3.085648] Freeing unused kernel memory: 56K
Loading, please wait...
starting version 229
[    3.113750] random: systemd-udevd: uninitialized urandom read (16 bytes read, 2 bits of entropy available)
[    3.114570] random: udevadm: uninitialized urandom read (16 bytes read, 2 bits of entropy available)
[    3.114619] random: udevadm: uninitialized urandom read (16 bytes read, 2 bits of entropy available)
[    3.130686] random: systemd-udevd: uninitialized urandom read (16 bytes read, 2 bits of entropy available)
[    3.136696] random: systemd-udevd: uninitialized urandom read (16 bytes read, 2 bits of entropy available)
[    3.140940] random: udevadm: uninitialized urandom read (16 bytes read, 2 bits of entropy available)
[    3.141058] random: udevadm: uninitialized urandom read (16 bytes read, 2 bits of entropy available)
[    3.141409] random: udevadm: uninitialized urandom read (16 bytes read, 2 bits of entropy available)
[    3.141525] random: udevadm: uninitialized urandom read (16 bytes read, 2 bits of entropy available)
[    3.141626] random: udevadm: uninitialized urandom read (16 bytes read, 2 bits of entropy available)
[    3.398740] Fusion MPT base driver 3.04.20
[    3.401102] Copyright (c) 1999-2008 LSI Corporation
[    3.401328] e1000: Intel(R) PRO/1000 Network Driver - version 7.3.21-k8-NAPI
[    3.401329] e1000: Copyright (c) 1999-2006 Intel Corporation.
[    3.519916] Fusion MPT SPI Host driver 3.04.20
[    3.531924] AVX version of gcm_enc/dec engaged.
[    3.587459] AES CTR mode by8 optimization enabled
[    3.621299] input: ImExPS/2 Generic Explorer Mouse as /devices/platform/i8042/serio1/input/input4
[    4.277129] e1000 0000:00:03.0 eth0: (PCI:33MHz:32-bit) 02:cb:9c:89:30:63
[    4.279894] e1000 0000:00:03.0 eth0: Intel(R) PRO/1000 Network Connection
[    5.024204] e1000 0000:00:08.0 eth1: (PCI:33MHz:32-bit) 08:00:27:8c:f0:39
[    5.026597] e1000 0000:00:08.0 eth1: Intel(R) PRO/1000 Network Connection
[    5.794057] e1000 0000:00:09.0 eth2: (PCI:33MHz:32-bit) 08:00:27:23:7b:28
[    5.796898] e1000 0000:00:09.0 eth2: Intel(R) PRO/1000 Network Connection
[    5.802236] e1000 0000:00:08.0 enp0s8: renamed from eth1
[    5.804369] mptbase: ioc0: Initiating bringup
[    5.816044] e1000 0000:00:03.0 enp0s3: renamed from eth0
[    5.827811] e1000 0000:00:09.0 enp0s9: renamed from eth2
[    5.871949] ioc0: LSI53C1030 A0: Capabilities={Initiator}
[    6.033678] scsi host2: ioc0: LSI53C1030 A0, FwRev=00000000h, Ports=1, MaxQ=256, IRQ=20
[    6.148226] scsi 2:0:0:0: Direct-Access     VBOX     HARDDISK         1.0  PQ: 0 ANSI: 5
[    6.188181] scsi target2:0:0: Beginning Domain Validation
[    6.192581] scsi target2:0:0: Domain Validation skipping write tests
[    6.195457] scsi target2:0:0: Ending Domain Validation
[    6.197759] scsi target2:0:0: asynchronous
[    6.200518] scsi 2:0:1:0: Direct-Access     VBOX     HARDDISK         1.0  PQ: 0 ANSI: 5
[    6.203847] scsi target2:0:1: Beginning Domain Validation
[    6.242942] scsi target2:0:1: Domain Validation skipping write tests
[    6.245924] scsi target2:0:1: Ending Domain Validation
[    6.248035] scsi target2:0:1: asynchronous
[    6.250559] scsi 2:0:2:0: CD-ROM            VBOX     CD-ROM           1.0  PQ: 0 ANSI: 5
[    6.253762] scsi target2:0:2: Beginning Domain Validation
[    6.257305] scsi target2:0:2: Domain Validation skipping write tests
[    6.259479] scsi target2:0:2: Ending Domain Validation
[    6.261917] scsi target2:0:2: asynchronous
[    6.271414] sd 2:0:0:0: Attached scsi generic sg0 type 0
[    6.273502] sd 2:0:0:0: [sda] 20971520 512-byte logical blocks: (10.7 GB/10.0 GiB)
[    6.276697] sd 2:0:1:0: Attached scsi generic sg1 type 0
[    6.277077] sr 2:0:2:0: [sr0] scsi-1 drive
[    6.277079] cdrom: Uniform CD-ROM driver Revision: 3.20
[    6.277337] sr 2:0:2:0: Attached scsi generic sg2 type 5
[    6.277560] sd 2:0:1:0: [sdb] 20480 512-byte logical blocks: (10.5 MB/10.0 MiB)
[    6.277821] sd 2:0:1:0: [sdb] Write Protect is off
[    6.277985] sd 2:0:1:0: [sdb] Incomplete mode parameter data
[    6.277988] sd 2:0:1:0: [sdb] Assuming drive cache: write through
[    6.295962] sd 2:0:0:0: [sda] Write Protect is off
[    6.298286] sd 2:0:0:0: [sda] Incomplete mode parameter data
[    6.300834] sd 2:0:0:0: [sda] Assuming drive cache: write through
[    6.305095] sd 2:0:1:0: [sdb] Attached SCSI disk
[    6.306975]  sda: sda1
[    6.309276] sd 2:0:0:0: [sda] Attached SCSI disk
Begin: Loading essential drivers ... [    8.852478] md: linear personality registered for level -1
[    8.858301] md: multipath personality registered for level -4
[    8.863909] md: raid0 personality registered for level 0
[    8.871997] md: raid1 personality registered for level 1
[    8.990503] raid6: sse2x1   gen()  2360 MB/s
[    9.093236] raid6: sse2x1   xor()  1502 MB/s
[    9.197068] raid6: sse2x2   gen()  3628 MB/s
[    9.301527] raid6: sse2x2   xor()  2697 MB/s
[    9.406364] raid6: sse2x4   gen()  6945 MB/s
[    9.507682] raid6: sse2x4   xor()  3187 MB/s
[    9.509498] raid6: using algorithm sse2x4 gen() 6945 MB/s
[    9.511839] raid6: .... xor() 3187 MB/s, rmw enabled
[    9.513728] raid6: using ssse3x2 recovery algorithm
[    9.517704] xor: automatically using best checksumming function:
[    9.559373]    avx       : 20967.000 MB/sec
[    9.563219] async_tx: api initialized (async)
[    9.580156] md: raid6 personality registered for level 6
[    9.582172] md: raid5 personality registered for level 5
[    9.584177] md: raid4 personality registered for level 4
[    9.596794] md: raid10 personality registered for level 10
done.
Begin: Running /scripts/init-premount ... done.
Begin: Mounting root file system ... Begin: Running /scripts/local-top ... done.
Begin: Running /scripts/local-premount ... [    9.713790] Btrfs loaded
Scanning for Btrfs filesystems
done.
Warning: fsck not present, so skipping root file system
[    9.867849] EXT4-fs (sda1): mounted filesystem with ordered data mode. Opts: (null)
done.
Begin: Running /scripts/local-bottom ... done.
Begin: Running /scripts/init-bottom ... done.
[   10.683977] random: nonblocking pool is initialized
[   10.689750] systemd[1]: systemd 229 running in system mode. (+PAM +AUDIT +SELINUX +IMA +APPARMOR +SMACK +SYSVINIT +UTMP +LIBCRYPTSETUP +GCRYPT +GNUTLS +ACL +XZ -LZ4 +SECCOMP +BLKID +ELFUTILS +KMOD -IDN)
[   10.696481] systemd[1]: Detected virtualization oracle.
[   10.698454] systemd[1]: Detected architecture x86-64.

Welcome to [1mUbuntu 16.04.6 LTS[0m!

[   10.748458] systemd[1]: Set hostname to <devserver>.
[   11.935244] systemd[1]: Reached target User and Group Name Lookups.
[[0;32m  OK  [0m] Reached target User and Group Name Lookups.
[   11.938909] systemd[1]: Reached target Encrypted Volumes.
[[0;32m  OK  [0m] Reached target Encrypted Volumes.
[   11.948324] systemd[1]: Listening on LVM2 poll daemon socket.
[[0;32m  OK  [0m] Listening on LVM2 poll daemon socket.
[   11.953130] systemd[1]: Listening on Device-mapper event daemon FIFOs.
[[0;32m  OK  [0m] Listening on Device-mapper event daemon FIFOs.
[   11.963856] systemd[1]: Listening on udev Kernel Socket.
[[0;32m  OK  [0m] Listening on udev Kernel Socket.
[   11.967840] systemd[1]: Set up automount Arbitrary Executable File Formats File System Automount Point.
[[0;32m  OK  [0m] Set up automount Arbitrary Executab...ats File System Automount Point.
[   11.974349] systemd[1]: Listening on Journal Socket.
[[0;32m  OK  [0m] Listening on Journal Socket.
[   11.979200] systemd[1]: Created slice User and Session Slice.
[[0;32m  OK  [0m] Created slice User and Session Slice.
[   11.992681] systemd[1]: Created slice System Slice.
[[0;32m  OK  [0m] Created slice System Slice.
[   12.015499] systemd[1]: Starting Remount Root and Kernel File Systems...
         Starting Remount Root and Kernel File Systems...
[   12.020912] systemd[1]: Starting Set console keymap...
         Starting Set console keymap...
[   12.024502] systemd[1]: Reached target Swap.
[[0;32m  OK  [0m] Reached target Swap.
[   12.028262] systemd[1]: Created slice system-serial\x2dgetty.slice.
[[0;32m  OK  [0m] Created slice system-serial\x2dgetty.slice.
[   12.040920] systemd[1]: Starting Nameserver information manager...
         Starting Nameserver information manager...
[   12.051650] systemd[1]: Listening on udev Control Socket.
[[0;32m  OK  [0m] Listening on udev Control Socket.
[   12.068189] systemd[1]: Starting Create list of required static device nodes for the current kernel...
         Starting Create list of required st... nodes for the current kernel...
[   12.093041] systemd[1]: Listening on /dev/initctl Compatibility Named Pipe.
[[0;32m  OK  [0m] Listening on /dev/initctl Compatibility Named Pipe.
[   12.097189] systemd[1]: Listening on LVM2 metadata daemon socket.
[[0;32m  OK  [0m] Listening on LVM2 metadata daemon socket.
[   12.112530] EXT4-fs (sda1): re-mounted. Opts: (null)
[   12.115041] systemd[1]: Starting Monitoring of LVM2 mirrors, snapshots etc. using dmeventd or progress polling...
         Starting Monitoring of LVM2 mirrors... dmeventd or progress polling...
[   12.122552] systemd[1]: Started Trigger resolvconf update for networkd DNS.
[[0;32m  OK  [0m] Started Trigger resolvconf update for networkd DNS.
[   12.187540] systemd[1]: Starting Load Kernel Modules...
         Starting Load Kernel Modules...
[   12.192386] systemd[1]: Mounting Debug File System...
         Mounting Debug File System...
[   12.195688] systemd[1]: Listening on Journal Socket (/dev/log).
[[0;32m  OK  [0m] Listening on Journal Socket (/dev/log).
[   12.203798] systemd[1]: Reached target Slices.
[[0;32m  OK  [0m] Reached target Slices.
[   12.207860] systemd[1]: Mounting Huge Pages File System...
         Mounting Huge Pages File System...
[   12.211730] systemd[1]: Started Forward Password Requests to Wall Directory Watch.
[[0;32m  OK  [0m] Started Forward Password Requests to Wall Directory Watch.
[   12.217732] systemd[1]: Mounting POSIX Message Queue File System...
         Mounting POSIX Message Queue File System...
[   12.221618] systemd[1]: Listening on Syslog Socket.
[[0;32m  OK  [0m] Listening on Syslog Socket.
[   12.232560] systemd[1]: Listening on Journal Audit Socket.
[[0;32m  OK  [0m] Listening on Journal Audit Socket.
[   12.340122] systemd[1]: Starting Journal Service...
         Starting Journal Service...
[   12.343821] systemd[1]: Reached target System Time Synchronized.
[[0;32m  OK  [0m] Reached target System Time Synchronized.
[   12.348720] systemd[1]: Starting Uncomplicated firewall...
         Starting Uncomplicated firewall...
[   12.354741] systemd[1]: Mounted POSIX Message Queue File System.
[   12.357618] Loading iSCSI transport class v2.0-870.
[[0;32m  OK  [0m] Mounted POSIX Message Queue File System.
[   12.368431] systemd[1]: Mounted Debug File System.
[[0;32m  OK  [0m] Mounted Debug File System.
[   12.371610] systemd[1]: Mounted Huge Pages File System.
[[0;32m  OK  [0m] Mounted Huge Pages File System.
[   12.376147] systemd[1]: Started Remount Root and Kernel File Systems.
[[0;32m  OK  [0m] Started Remount Root and Kernel File Systems.
[   12.461249] systemd[1]: Started Set console keymap.
[[0;32m  OK  [0m] Started Set console keymap.
[   12.473648] iscsi: registered transport (tcp)
[   12.476621] systemd[1]: Started Create list of required static device nodes for the current kernel.
[[0;32m  OK  [0m] Started Create list of required sta...ce nodes for the current kernel.
[   12.483798] systemd[1]: Started Uncomplicated firewall.
[[0;32m  OK  [0m] Started Uncomplicated firewall.
[   12.499432] systemd[1]: Started Nameserver information manager.
[[0;32m  OK  [0m] Started Nameserver information manager.
[   12.542921] systemd[1]: Started LVM2 metadata daemon.
[[0;32m  OK  [0m] Started LVM2 metadata daemon.
[   12.548419] systemd[1]: Starting Create Static Device Nodes in /dev...
         Starting Create Static Device Nodes in /dev...
[   12.553579] systemd[1]: Starting Load/Save Random Seed...
         Starting Load/Save Random Seed...
[   12.574384] systemd[1]: Starting udev Coldplug all Devices...
         Starting udev Coldplug all Devices...
[   12.578265] systemd[1]: Started Journal Service.
[[0;32m  OK  [0m] Started Journal Service.
         Starting Flush Journal to Persistent Storage...
[[0;32m  OK  [0m] Started Load/Save Random Seed.
[   12.683391] systemd-journald[399]: Received request to flush runtime journal from PID 1
[   12.690404] iscsi: registered transport (iser)
[[0;32m  OK  [0m] Started Load Kernel Modules.
         Starting Apply Kernel Variables...
         Mounting FUSE Control File System...
[[0;32m  OK  [0m] Mounted FUSE Control File System.
[[0;32m  OK  [0m] Started Flush Journal to Persistent Storage.
[[0;32m  OK  [0m] Started udev Coldplug all Devices.
[[0;32m  OK  [0m] Started Create Static Device Nodes in /dev.
         Starting udev Kernel Device Manager...
[[0;32m  OK  [0m] Started Apply Kernel Variables.
[[0;32m  OK  [0m] Started Monitoring of LVM2 mirrors,...ng dmeventd or progress polling.
[[0;32m  OK  [0m] Reached target Local File Systems (Pre).
[[0;32m  OK  [0m] Reached target Local File Systems.
         Starting Create Volatile Files and Directories...
         Starting Tell Plymouth To Write Out Runtime Data...
         Starting Set console font and keymap...
         Starting LSB: AppArmor initialization...
         Starting Initial cloud-init job (pre-networking)...
         Mounting /home/vagrant/code/ocms...
         Mounting /home/vagrant/server...
[[0;32m  OK  [0m] Started Tell Plymouth To Write Out Runtime Data.
[[0;32m  OK  [0m] Started Create Volatile Files and Directories.
         Starting Update UTMP about System Boot/Shutdown...
[[0;32m  OK  [0m] Started Update UTMP about System Boot/Shutdown.
[[0;32m  OK  [0m] Started udev Kernel Device Manager.
[[0;1;31mFAILED[0m] Failed to mount /home/vagrant/code/ocms.
See 'systemctl status home-vagrant-code-ocms.mount' for details.
[[0;1;31mFAILED[0m] Failed to mount /home/vagrant/server.
See 'systemctl status home-vagrant-server.mount' for details.
[[0;32m  OK  [0m] Started Dispatch Password Requests to Console Directory Watch.
[[0;32m  OK  [0m] Found device /dev/ttyS0.
[[0;32m  OK  [0m] Listening on Load/Save RF Kill Switch Status /dev/rfkill Watch.
[[0;32m  OK  [0m] Started LSB: AppArmor initialization.
[[0;32m  OK  [0m] Started Set console font and keymap.
[[0;32m  OK  [0m] Created slice system-getty.slice.
         Starting Load AppArmor profiles managed internally by snapd...
[[0;32m  OK  [0m] Found device 82540EM Gigabit Ethern...r (PRO/1000 MT Desktop Adapter).
[[0;32m  OK  [0m] Found device 82540EM Gigabit Ethern...r (PRO/1000 MT Desktop Adapter).
[[0;32m  OK  [0m] Started Load AppArmor profiles managed internally by snapd.
[[0;32m  OK  [0m] Found device 82540EM Gigabit Ethern...r (PRO/1000 MT Desktop Adapter).
[   17.883253] cloud-init[470]: Cloud-init v. 19.4-33-gbb4131a2-0ubuntu1~16.04.1 running 'init-local' at Tue, 10 Nov 2020 05:11:35 +0000. Up 16.95 seconds.
[[0;32m  OK  [0m] Started Initial cloud-init job (pre-networking).
[[0;32m  OK  [0m] Reached target Network (Pre).
[[0;32m  OK  [0m] Started ifup for enp0s8.
         Starting Raise network interfaces...
[[0;32m  OK  [0m] Started ifup for enp0s9.
[[0;32m  OK  [0m] Started ifup for enp0s3.
[[0;32m  OK  [0m] Started Raise network interfaces.
         Starting Initial cloud-init job (metadata service crawler)...
[[0;32m  OK  [0m] Reached target Network.
[   20.319360] cloud-init[1211]: Cloud-init v. 19.4-33-gbb4131a2-0ubuntu1~16.04.1 running 'init' at Tue, 10 Nov 2020 05:11:38 +0000. Up 19.49 seconds.
[   20.321839] cloud-init[1211]: ci-info: ++++++++++++++++++++++++++++++++++++++Net device info+++++++++++++++++++++++++++++++++++++++
[   20.324476] cloud-init[1211]: ci-info: +--------+------+-----------------------------+---------------+--------+-------------------+
[   20.327098] cloud-init[1211]: ci-info: | Device |  Up  |           Address           |      Mask     | Scope  |     Hw-Address    |
[   20.329813] cloud-init[1211]: ci-info: +--------+------+-----------------------------+---------------+--------+-------------------+
[   20.332016] cloud-init[1211]: ci-info: | enp0s3 | True |          10.0.2.15          | 255.255.255.0 | global | 02:cb:9c:89:30:63 |
[   20.334320] cloud-init[1211]: ci-info: | enp0s3 | True |  fe80::cb:9cff:fe89:3063/64 |       .       |  link  | 02:cb:9c:89:30:63 |
[   20.336769] cloud-init[1211]: ci-info: | enp0s8 | True |        192.168.10.10        | 255.255.255.0 | global | 08:00:27:8c:f0:39 |
[   20.339112] cloud-init[1211]: ci-info: | enp0s8 | True | fe80::a00:27ff:fe8c:f039/64 |       .       |  link  | 08:00:27:8c:f0:39 |
[   20.341388] cloud-init[1211]: ci-info: | enp0s9 | True |        192.168.10.11        | 255.255.255.0 | global | 08:00:27:23:7b:28 |
[   20.343476] cloud-init[1211]: ci-info: | enp0s9 | True | fe80::a00:27ff:fe23:7b28/64 |       .       |  link  | 08:00:27:23:7b:28 |
[   20.348526] cloud-init[1211]: ci-info: |   lo   | True |          127.0.0.1          |   255.0.0.0   |  host  |         .         |
[   20.350839] cloud-init[1211]: ci-info: |   lo   | True |           ::1/128           |       .       |  host  |         .         |
[   20.360785] cloud-init[1211]: ci-info: +--------+------+-----------------------------+---------------+--------+-------------------+
[   20.363290] cloud-init[1211]: ci-info: ++++++++++++++++++++++++++++Route IPv4 info++++++++++++++++++++++++++++
[   20.365558] cloud-init[1211]: ci-info: +-------+--------------+----------+---------------+-----------+-------+
[   20.367464] cloud-init[1211]: ci-info: | Route | Destination  | Gateway  |    Genmask    | Interface | Flags |
[   20.369609] cloud-init[1211]: ci-info: +-------+--------------+----------+---------------+-----------+-------+
[   20.422921] cloud-init[1211]: ci-info: |   0   |   0.0.0.0    | 10.0.2.2 |    0.0.0.0    |   enp0s3  |   UG  |
[   20.432527] cloud-init[1211]: ci-info: |   1   |   10.0.2.0   | 0.0.0.0  | 255.255.255.0 |   enp0s3  |   U   |
[   20.440944] cloud-init[1211]: ci-info: |   2   | 192.168.10.0 | 0.0.0.0  | 255.255.255.0 |   enp0s9  |   U   |
[   20.448796] cloud-init[1211]: ci-info: |   3   | 192.168.10.0 | 0.0.0.0  | 255.255.255.0 |   enp0s8  |   U   |
[   20.456983] cloud-init[1211]: ci-info: +-------+--------------+----------+---------------+-----------+-------+
[   20.460369] [[0;32m  OK  [0m] Started Initial cloud-init job (metadata service crawler).
[[0;32m  OK  [0m] Reached target Cloud-config availability.
[[0;32m  OK  [0m] Reached target Network is Online.
cloud-init[1211]: ci-info: +++++++++++++++++++Route IPv6 info+++++++++++++++++++
[   20.472788]          Starting iSCSI initiator daemon (iscsid)...
[[0;32m  OK  [0m] Reached target System Initialization.
cloud-init[1211]: ci-info: +-------+-------------+---------+-----------+-------+
[   20.476376] cloud-init[1211]: ci-info: | Route | Destination | Gateway | Interface | Flags |
[   20.484489] [[0;32m  OK  [0m] Started Daily apt download activities.
[[0;32m  OK  [0m] Started Daily apt upgrade and clean activities.
cloud-init[1211]: ci-info: +-------+-------------+---------+-----------+-------+
[   20.488066] [[0;32m  OK  [0m] Listening on ACPID Listen Socket.
cloud-init[1211]: ci-info: |   0   |  fe80::/64  |    ::   |   enp0s9  |   U   |
[   20.490436] cloud-init[1211]: ci-info: |   1   |  fe80::/64  |    ::   |   enp0s8  |   U   |
[   20.500393] cloud-init[1211]: ci-info: |   2   |  fe80::/64  |    ::   |   enp0s3  |   U   |
[   20.512156] cloud-init[1211]: ci-info: |   6   |   ff00::/8  |    ::   |   enp0s9  |   U   |
[   20.512454] cloud-init[1211]: ci-info: |   7   |   ff00::/8  |    ::   |   enp0s8  |   U   |
[   20.513017] cloud-init[1211]: ci-info: |   8   |   ff00::/8  |    ::   |   enp0s3  |   U   |
[   20.513231] cloud-init[1211]: ci-info: +-------+-------------+---------+-----------+-------+
[[0;32m  OK  [0m] Started ACPI Events Check.
[[0;32m  OK  [0m] Reached target Paths.
[[0;32m  OK  [0m] Started Clean PHP session files every 30 mins.
         Starting LXD - unix socket.
[[0;32m  OK  [0m] Started Message of the Day.
[[0;32m  OK  [0m] Started Daily Cleanup of Temporary Directories.
[[0;32m  OK  [0m] Reached target Timers.
[[0;32m  OK  [0m] Listening on UUID daemon activation socket.
         Starting Socket activation for snappy daemon.
[[0;32m  OK  [0m] Listening on D-Bus System Message Bus Socket.
[[0;32m  OK  [0m] Listening on LXD - unix socket.
[[0;32m  OK  [0m] Listening on Socket activation for snappy daemon.
[[0;32m  OK  [0m] Reached target Sockets.
[[0;32m  OK  [0m] Reached target Basic System.
[[0;32m  OK  [0m] Started FUSE filesystem for LXC.
         Starting A high performance web server and a reverse proxy server...
[[0;32m  OK  [0m] Started Deferred execution scheduler.
[[0;32m  OK  [0m] Started D-Bus System Message Bus.
         Starting The PHP 7.4 FastCGI Process Manager...
         Starting /etc/rc.local Compatibility...
         Starting Snap Daemon...
         Starting Virtualbox guest utils...
         Starting LSB: Record successful boot for GRUB...
[[0;32m  OK  [0m] Started Regular background program processing daemon.
         Starting OpenBSD Secure Shell server...
         Starting LSB: MD monitoring daemon...
         Starting Login Service...
         Starting System Logging Service...
         Starting Clean php session files...
         Starting vboxadd.service...
[[0;32m  OK  [0m] Started ACPI event daemon.
         Starting Accounts Service...
         Starting LXD - container startup/shutdown...
         Starting MySQL Community Server...
[[0;32m  OK  [0m] Started iSCSI initiator daemon (iscsid).
[[0;32m  OK  [0m] Started /etc/rc.local Compatibility.
         Starting Login to default iSCSI targets...
[[0;32m  OK  [0m] Started Login Service.
[[0;32m  OK  [0m] Started Unattended Upgrades Shutdown.
[[0;32m  OK  [0m] Started LSB: Record successful boot for GRUB.
[[0;32m  OK  [0m] Started Virtualbox guest utils.
[[0;32m  OK  [0m] Started Login to default iSCSI targets.
[[0;32m  OK  [0m] Reached target Remote File Systems (Pre).
[[0;32m  OK  [0m] Reached target Remote File Systems.
         Starting LSB: daemon to balance interrupts for SMP systems...
         Starting LSB: automatic crash report generation...
         Starting Permit User Sessions...
         Starting LSB: Set the CPU Frequency Scaling governor to "ondemand"...
[[0;32m  OK  [0m] Started LSB: MD monitoring daemon.
[[0;32m  OK  [0m] Started LSB: Set the CPU Frequency Scaling governor to "ondemand".
[[0;32m  OK  [0m] Started Permit User Sessions.
[[0;32m  OK  [0m] Started System Logging Service.
         Starting Terminate Plymouth Boot Screen...
         Starting Hold until boot process finishes up...
[[0;32m  OK  [0m] Started Terminate Plymouth Boot Screen.
[[0;32m  OK  [0m] Started Hold until boot process finishes up.
         Starting Set console scheme...
[[0;32m  OK  [0m] Started Getty on tty1.
[[0;32m  OK  [0m] Started Serial Getty on ttyS0.
[[0;32m  OK  [0m] Reached target Login Prompts.
[[0;32m  OK  [0m] Started LSB: automatic crash report generation.
[[0;32m  OK  [0m] Started Set console scheme.
[[0;32m  OK  [0m] Started LSB: daemon to balance interrupts for SMP systems.
[[0;32m  OK  [0m] Started OpenBSD Secure Shell server.
         Starting Authenticate and Authorize Users to Run Privileged Tasks...
[[0;32m  OK  [0m] Started Authenticate and Authorize Users to Run Privileged Tasks.
[[0;32m  OK  [0m] Started Accounts Service.
[[0;32m  OK  [0m] Started A high performance web server and a reverse proxy server.
[[0;32m  OK  [0m] Created slice User Slice of vagrant.
         Starting User Manager for UID 1000...
[[0;32m  OK  [0m] Started Session 1 of user vagrant.
[[0;32m  OK  [0m] Started LXD - container startup/shutdown.
[[0;32m  OK  [0m] Started User Manager for UID 1000.
[[0;32m  OK  [0m] Started Snap Daemon.
         Starting Wait until snapd is fully seeded...
[[0;32m  OK  [0m] Started Wait until snapd is fully seeded.
         Starting Apply the settings specified in cloud-config...

Ubuntu 16.04.6 LTS devserver ttyS0

devserver login: [   29.208468] cloud-init[1572]: Cloud-init v. 19.4-33-gbb4131a2-0ubuntu1~16.04.1 running 'modules:config' at Tue, 10 Nov 2020 05:11:47 +0000. Up 28.51 seconds.
[   33.814812] cloud-init[1940]: Cloud-init v. 19.4-33-gbb4131a2-0ubuntu1~16.04.1 running 'modules:final' at Tue, 10 Nov 2020 05:11:52 +0000. Up 33.48 seconds.
[   33.815203] cloud-init[1940]: Cloud-init v. 19.4-33-gbb4131a2-0ubuntu1~16.04.1 finished at Tue, 10 Nov 2020 05:11:52 +0000. Datasource DataSourceNoCloud [seed=/dev/sdb][dsmode=net].  Up 33.80 seconds
[[0;32m  OK  [0m] Stopped Unattended Upgrades Shutdown.
         Stopping ACPI event daemon...
         Stopping User Manager for UID 1000...
         Unmounting /home/vagrant/code/ocms...
[[0;32m  OK  [0m] Stopped target Graphical Interface.
         Stopping Accounts Service...
[[0;32m  OK  [0m] Closed Load/Save RF Kill Switch Status /dev/rfkill Watch.
[[0;32m  OK  [0m] Stopped target Cloud-init target.
[[0;32m  OK  [0m] Stopped target Timers.
[[0;32m  OK  [0m] Stopped Message of the Day.
[[0;32m  OK  [0m] Stopped Clean PHP session files every 30 mins.
[[0;32m  OK  [0m] Stopped Daily Cleanup of Temporary Directories.
         Stopping Session 36 of user vagrant.
[[0;32m  OK  [0m] Stopped Daily apt upgrade and clean activities.
         Stopping Authenticate and Authorize Users to Run Privileged Tasks...
[[0;32m  OK  [0m] Stopped Execute cloud user/final scripts.
[[0;32m  OK  [0m] Stopped target Multi-User System.
         Stopping LSB: automatic crash report generation...
         Stopping vboxadd-service.service...
         Stopping Regular background program processing daemon...
[[0;32m  OK  [0m] Stopped target Login Prompts.
         Stopping Getty on tty1...
         Stopping A high performance web server and a reverse proxy server...
         Stopping Virtualbox guest utils...
         Stopping MySQL Community Server...
         Stopping Deferred execution scheduler...
         Stopping D-Bus System Message Bus...
         Stopping LSB: daemon to balance interrupts for SMP systems...
         Stopping The PHP 7.4 FastCGI Process Manager...
         Stopping LSB: Set the CPU Frequency Scaling governor to "ondemand"...
         Stopping LSB: Record successful boot for GRUB...
         Stopping FUSE filesystem for LXC...
         Stopping System Logging Service...
[[0;32m  OK  [0m] Stopped Apply the settings specified in cloud-config.
[[0;32m  OK  [0m] Stopped target Cloud-config availability.
         Stopping OpenBSD Secure Shell server...
         Unmounting /home/vagrant/server...
[[0;32m  OK  [0m] Stopped Wait until snapd is fully seeded.
[[0;32m  OK  [0m] Stopped Daily apt download activities.
[[0;32m  OK  [0m] Stopped target System Time Synchronized.
         Stopping Serial Getty on ttyS0...
         Stopping LSB: MD monitoring daemon...
         Stopping LXD - container startup/shutdown...
[[0;32m  OK  [0m] Unmounted /var/lib/lxcfs.
[[0;32m  OK  [0m] Stopped Deferred execution scheduler.
[[0;32m  OK  [0m] Stopped Regular background program processing daemon.
[[0;32m  OK  [0m] Stopped System Logging Service.
[[0;32m  OK  [0m] Stopped ACPI event daemon.
[[0;32m  OK  [0m] Stopped Accounts Service.
[[0;32m  OK  [0m] Stopped Getty on tty1.
[[0;32m  OK  [0m] Stopped Serial Getty on ttyS0.
[[0;32m  OK  [0m] Stopped OpenBSD Secure Shell server.
[[0;32m  OK  [0m] Stopped Authenticate and Authorize Users to Run Privileged Tasks.
[[0;32m  OK  [0m] Stopped User Manager for UID 1000.
[[0;32m  OK  [0m] Unmounted /home/vagrant/code/ocms.
[[0;32m  OK  [0m] Stopped vboxadd-service.service.
[[0;32m  OK  [0m] Stopped Session 36 of user vagrant.
[[0;32m  OK  [0m] Stopped A high performance web server and a reverse proxy server.
[[0;32m  OK  [0m] Stopped D-Bus System Message Bus.
[[0;32m  OK  [0m] Unmounted /home/vagrant/server.
[[0;32m  OK  [0m] Stopped FUSE filesystem for LXC.
[[0;32m  OK  [0m] Stopped The PHP 7.4 FastCGI Process Manager.
[[0;32m  OK  [0m] Stopped LXD - container startup/shutdown.
[[0;32m  OK  [0m] Stopped Virtualbox guest utils.
[[0;32m  OK  [0m] Stopped LSB: daemon to balance interrupts for SMP systems.
[[0;32m  OK  [0m] Stopped LSB: Set the CPU Frequency Scaling governor to "ondemand".
[[0;32m  OK  [0m] Stopped LSB: automatic crash report generation.
[[0;32m  OK  [0m] Stopped LSB: Record successful boot for GRUB.
[[0;32m  OK  [0m] Stopped LSB: MD monitoring daemon.
         Stopping vboxadd.service...
[[0;32m  OK  [0m] Removed slice User Slice of vagrant.
         Stopping Login Service...
[[0;32m  OK  [0m] Removed slice system-serial\x2dgetty.slice.
         Stopping Permit User Sessions...
[[0;32m  OK  [0m] Removed slice system-getty.slice.
[[0;32m  OK  [0m] Stopped /etc/rc.local Compatibility.
[[0;32m  OK  [0m] Stopped Permit User Sessions.
[[0;32m  OK  [0m] Stopped target Remote File Systems.
[[0;32m  OK  [0m] Stopped target Remote File Systems (Pre).
         Stopping Login to default iSCSI targets...
[[0;32m  OK  [0m] Stopped Login Service.
[[0;32m  OK  [0m] Stopped target User and Group Name Lookups.
[[0;32m  OK  [0m] Stopped vboxadd.service.
[[0;32m  OK  [0m] Stopped Login to default iSCSI targets.
         Stopping iSCSI initiator daemon (iscsid)...
[[0;32m  OK  [0m] Stopped iSCSI initiator daemon (iscsid).
[[0;32m  OK  [0m] Stopped target Network is Online.
[[0;32m  OK  [0m] Stopped MySQL Community Server.
[[0;32m  OK  [0m] Stopped target Basic System.
[[0;32m  OK  [0m] Stopped target Sockets.
[[0;32m  OK  [0m] Closed Socket activation for snappy daemon.
[[0;32m  OK  [0m] Closed UUID daemon activation socket.
[[0;32m  OK  [0m] Closed D-Bus System Message Bus Socket.
[[0;32m  OK  [0m] Closed LXD - unix socket.
[[0;32m  OK  [0m] Closed ACPID Listen Socket.
[[0;32m  OK  [0m] Closed Syslog Socket.
[[0;32m  OK  [0m] Stopped target Paths.
[[0;32m  OK  [0m] Stopped Forward Password Requests to Wall Directory Watch.
[[0;32m  OK  [0m] Stopped ACPI Events Check.
[[0;32m  OK  [0m] Stopped Dispatch Password Requests to Console Directory Watch.
[[0;32m  OK  [0m] Stopped target Slices.
[[0;32m  OK  [0m] Removed slice User and Session Slice.
[[0;32m  OK  [0m] Stopped target Network.
[[0;32m  OK  [0m] Stopped target System Initialization.
[[0;32m  OK  [0m] Stopped Initial cloud-init job (metadata service crawler).
         Stopping Raise network interfaces...
         Stopping Update UTMP about System Boot/Shutdown...
         Stopping Load/Save Random Seed...
[[0;32m  OK  [0m] Stopped target Encrypted Volumes.
[[0;32m  OK  [0m] Stopped target Swap.
[[0;32m  OK  [0m] Stopped Load/Save Random Seed.
[[0;32m  OK  [0m] Stopped Update UTMP about System Boot/Shutdown.
[[0;32m  OK  [0m] Stopped Create Volatile Files and Directories.
[[0;32m  OK  [0m] Stopped Raise network interfaces.
[[0;32m  OK  [0m] Stopped Apply Kernel Variables.
[[0;32m  OK  [0m] Stopped target Network (Pre).
[[0;32m  OK  [0m] Stopped Initial cloud-init job (pre-networking).
[[0;32m  OK  [0m] Stopped target Local File Systems.
         Unmounting /run/user/1000...
[[0;32m  OK  [0m] Stopped Load Kernel Modules.
[[0;32m  OK  [0m] Unmounted /run/user/1000.
[[0;32m  OK  [0m] Reached target Unmount All Filesystems.
[[0;32m  OK  [0m] Stopped target Local File Systems (Pre).
[[0;32m  OK  [0m] Stopped Create Static Device Nodes in /dev.
[[0;32m  OK  [0m] Stopped Remount Root and Kernel File Systems.
[[0;32m  OK  [0m] Reached target Shutdown.
[37216.218077] reboot: Power down
